********************************************************************************
DUPLICATOR-LITE PACKAGE-LOG: September 30, 2022 6:31 am
NOTICE: Do NOT post to public sites or forums 
********************************************************************************
VERSION:	1.5.0
WORDPRESS:	6.0.2
PHP INFO:	7.4.29 | SAPI: apache2handler
SERVER:		Apache/2.4.53 (Win64) OpenSSL/1.1.1n PHP/7.4.29 
PHP TIME LIMIT: (0) no time limit imposed 
PHP MAX MEMORY: 4294967296 (512M default) 
MEMORY STACK: 6MB

********************************************************************************
DATABASE:
********************************************************************************
BUILD MODE:   MYSQLDUMP
MYSQLTIMEOUT: 5000
MYSQLDUMP:    Is Supported
SQL CREATED: suraj_portfolio_682fc748acb669801860_20220930063106_database.sql
SQL FILE SIZE: 6.34MB (6644021)
SQL FILE TIME: 2022-09-30 06:32:04
SQL RUNTIME: 13.79 sec.

********************************************************************************
ARCHIVE (ZIP):
********************************************************************************
ARCHIVE DIR:  C:/xampp/htdocs/portfolio
ARCHIVE FILE: suraj_portfolio_682fc748acb669801860_20220930063106_archive.zip
FILTERS: *OFF*
DIRS:
	not set
FILES:
	not set
EXTS:  not set
----------------------------------------
COMPRESSING
SIZE:	184.73MB
STATS:	Dirs 1,290 | Files 7,052
SQL ADDED: suraj_portfolio_682fc748acb669801860_20220930063106_database.sql
ZipArchive Object
(
    [status] => 0
    [statusSys] => 0
    [numFiles] => 8342
    [filename] => C:\xampp\htdocs\portfolio\wp-content\backups-dup-lite\tmp\suraj_portfolio_682fc748acb669801860_20220930063106_archive.zip
    [comment] => 
)

FILE ADDED TO ZIP: 8341
COMPRESSION RESULT: '1'
COMPRESSED SIZE: 92.18MB
ARCHIVE RUNTIME: 17.70 sec.
MEMORY STACK: 8MB
building installer
ARCHIVE CONSISTENCY TEST: PASS

********************************************************************************
INTEGRITY CHECKS:
********************************************************************************
SQL FILE: 6.34MB
INSTALLER FILE: 73.35KB
ARCHIVE FILE: 94.06MB 
EXPECTED FILE/DIRECTORY COUNT: 8,342
ACTUAL FILE/DIRECTORY COUNT: 8,341
ARCHIVE CONSISTENCY TEST: Pass

********************************************************************************
RECORD ID:[1]
TOTAL PROCESS RUNTIME: 34.79 sec.
PEAK PHP MEMORY USED: 10MB
DONE PROCESSING => suraj_portfolio September 30, 2022 6:32 am

